{"C:\\Users\\360WEB\\DeliveryAppBackend\\frontend\\src\\App.js": {"path":"C:\\Users\\360WEB\\DeliveryAppBackend\\frontend\\src\\App.js","statementMap":{"0":{"start":{"line":17,"column":2},"end":{"line":76,"column":4}}},"fnMap":{"0":{"name":"App","decl":{"start":{"line":16,"column":9},"end":{"line":16,"column":12}},"loc":{"start":{"line":16,"column":15},"end":{"line":77,"column":1}},"line":16}},"branchMap":{},"s":{"0":0},"f":{"0":0},"b":{}}
,"C:\\Users\\360WEB\\DeliveryAppBackend\\frontend\\src\\index.js": {"path":"C:\\Users\\360WEB\\DeliveryAppBackend\\frontend\\src\\index.js","statementMap":{"0":{"start":{"line":6,"column":13},"end":{"line":6,"column":65}},"1":{"start":{"line":7,"column":0},"end":{"line":11,"column":2}}},"fnMap":{},"branchMap":{},"s":{"0":0,"1":0},"f":{},"b":{}}
,"C:\\Users\\360WEB\\DeliveryAppBackend\\frontend\\src\\components\\Navbar.js": {"path":"C:\\Users\\360WEB\\DeliveryAppBackend\\frontend\\src\\components\\Navbar.js","statementMap":{"0":{"start":{"line":12,"column":15},"end":{"line":93,"column":1}},"1":{"start":{"line":13,"column":44},"end":{"line":13,"column":53}},"2":{"start":{"line":14,"column":19},"end":{"line":14,"column":32}},"3":{"start":{"line":16,"column":2},"end":{"line":16,"column":36}},"4":{"start":{"line":16,"column":24},"end":{"line":16,"column":36}},"5":{"start":{"line":18,"column":21},"end":{"line":22,"column":3}},"6":{"start":{"line":24,"column":2},"end":{"line":92,"column":4}},"7":{"start":{"line":35,"column":29},"end":{"line":35,"column":38}},"8":{"start":{"line":36,"column":16},"end":{"line":49,"column":18}},"9":{"start":{"line":73,"column":25},"end":{"line":73,"column":34}},"10":{"start":{"line":74,"column":12},"end":{"line":87,"column":14}}},"fnMap":{"0":{"name":"(anonymous_0)","decl":{"start":{"line":12,"column":15},"end":{"line":12,"column":16}},"loc":{"start":{"line":12,"column":21},"end":{"line":93,"column":1}},"line":12},"1":{"name":"(anonymous_1)","decl":{"start":{"line":34,"column":30},"end":{"line":34,"column":31}},"loc":{"start":{"line":34,"column":40},"end":{"line":50,"column":15}},"line":34},"2":{"name":"(anonymous_2)","decl":{"start":{"line":72,"column":26},"end":{"line":72,"column":27}},"loc":{"start":{"line":72,"column":36},"end":{"line":88,"column":11}},"line":72}},"branchMap":{"0":{"loc":{"start":{"line":16,"column":2},"end":{"line":16,"column":36}},"type":"if","locations":[{"start":{"line":16,"column":2},"end":{"line":16,"column":36}},{"start":{},"end":{}}],"line":16},"1":{"loc":{"start":{"line":41,"column":22},"end":{"line":43,"column":102}},"type":"cond-expr","locations":[{"start":{"line":42,"column":26},"end":{"line":42,"column":60}},{"start":{"line":43,"column":26},"end":{"line":43,"column":102}}],"line":41},"2":{"loc":{"start":{"line":57,"column":55},"end":{"line":57,"column":91}},"type":"binary-expr","locations":[{"start":{"line":57,"column":55},"end":{"line":57,"column":73}},{"start":{"line":57,"column":77},"end":{"line":57,"column":91}}],"line":57},"3":{"loc":{"start":{"line":79,"column":18},"end":{"line":81,"column":115}},"type":"cond-expr","locations":[{"start":{"line":80,"column":22},"end":{"line":80,"column":73}},{"start":{"line":81,"column":22},"end":{"line":81,"column":115}}],"line":79}},"s":{"0":0,"1":0,"2":0,"3":0,"4":0,"5":0,"6":0,"7":0,"8":0,"9":0,"10":0},"f":{"0":0,"1":0,"2":0},"b":{"0":[0,0],"1":[0,0],"2":[0,0],"3":[0,0]}}
,"C:\\Users\\360WEB\\DeliveryAppBackend\\frontend\\src\\components\\ProtectedRoute.js": {"path":"C:\\Users\\360WEB\\DeliveryAppBackend\\frontend\\src\\components\\ProtectedRoute.js","statementMap":{"0":{"start":{"line":5,"column":23},"end":{"line":17,"column":1}},"1":{"start":{"line":6,"column":39},"end":{"line":6,"column":48}},"2":{"start":{"line":8,"column":2},"end":{"line":14,"column":3}},"3":{"start":{"line":9,"column":4},"end":{"line":13,"column":6}},"4":{"start":{"line":16,"column":2},"end":{"line":16,"column":71}}},"fnMap":{"0":{"name":"(anonymous_0)","decl":{"start":{"line":5,"column":23},"end":{"line":5,"column":24}},"loc":{"start":{"line":5,"column":41},"end":{"line":17,"column":1}},"line":5}},"branchMap":{"0":{"loc":{"start":{"line":8,"column":2},"end":{"line":14,"column":3}},"type":"if","locations":[{"start":{"line":8,"column":2},"end":{"line":14,"column":3}},{"start":{},"end":{}}],"line":8},"1":{"loc":{"start":{"line":16,"column":9},"end":{"line":16,"column":70}},"type":"cond-expr","locations":[{"start":{"line":16,"column":27},"end":{"line":16,"column":35}},{"start":{"line":16,"column":38},"end":{"line":16,"column":70}}],"line":16}},"s":{"0":0,"1":0,"2":0,"3":0,"4":0},"f":{"0":0},"b":{"0":[0,0],"1":[0,0]}}
,"C:\\Users\\360WEB\\DeliveryAppBackend\\frontend\\src\\contexts\\AuthContext.js": {"path":"C:\\Users\\360WEB\\DeliveryAppBackend\\frontend\\src\\contexts\\AuthContext.js","statementMap":{"0":{"start":{"line":5,"column":20},"end":{"line":5,"column":35}},"1":{"start":{"line":7,"column":23},"end":{"line":13,"column":1}},"2":{"start":{"line":8,"column":18},"end":{"line":8,"column":41}},"3":{"start":{"line":9,"column":2},"end":{"line":11,"column":3}},"4":{"start":{"line":10,"column":4},"end":{"line":10,"column":64}},"5":{"start":{"line":12,"column":2},"end":{"line":12,"column":17}},"6":{"start":{"line":15,"column":28},"end":{"line":109,"column":1}},"7":{"start":{"line":16,"column":26},"end":{"line":16,"column":40}},"8":{"start":{"line":17,"column":32},"end":{"line":17,"column":46}},"9":{"start":{"line":18,"column":48},"end":{"line":18,"column":63}},"10":{"start":{"line":20,"column":2},"end":{"line":22,"column":9}},"11":{"start":{"line":21,"column":4},"end":{"line":21,"column":22}},"12":{"start":{"line":24,"column":26},"end":{"line":37,"column":3}},"13":{"start":{"line":25,"column":18},"end":{"line":25,"column":45}},"14":{"start":{"line":26,"column":4},"end":{"line":35,"column":5}},"15":{"start":{"line":27,"column":6},"end":{"line":34,"column":7}},"16":{"start":{"line":28,"column":24},"end":{"line":28,"column":54}},"17":{"start":{"line":29,"column":8},"end":{"line":29,"column":25}},"18":{"start":{"line":30,"column":8},"end":{"line":30,"column":33}},"19":{"start":{"line":32,"column":8},"end":{"line":32,"column":51}},"20":{"start":{"line":33,"column":8},"end":{"line":33,"column":17}},"21":{"start":{"line":36,"column":4},"end":{"line":36,"column":22}},"22":{"start":{"line":39,"column":16},"end":{"line":60,"column":3}},"23":{"start":{"line":40,"column":4},"end":{"line":59,"column":5}},"24":{"start":{"line":41,"column":23},"end":{"line":41,"column":66}},"25":{"start":{"line":44,"column":6},"end":{"line":44,"column":70}},"26":{"start":{"line":45,"column":6},"end":{"line":45,"column":69}},"27":{"start":{"line":48,"column":22},"end":{"line":48,"column":52}},"28":{"start":{"line":49,"column":6},"end":{"line":49,"column":23}},"29":{"start":{"line":50,"column":6},"end":{"line":50,"column":31}},"30":{"start":{"line":52,"column":6},"end":{"line":52,"column":31}},"31":{"start":{"line":54,"column":6},"end":{"line":54,"column":44}},"32":{"start":{"line":55,"column":6},"end":{"line":58,"column":8}},"33":{"start":{"line":62,"column":17},"end":{"line":66,"column":3}},"34":{"start":{"line":63,"column":4},"end":{"line":63,"column":25}},"35":{"start":{"line":64,"column":4},"end":{"line":64,"column":18}},"36":{"start":{"line":65,"column":4},"end":{"line":65,"column":30}},"37":{"start":{"line":68,"column":27},"end":{"line":79,"column":3}},"38":{"start":{"line":69,"column":4},"end":{"line":78,"column":5}},"39":{"start":{"line":70,"column":23},"end":{"line":70,"column":71}},"40":{"start":{"line":71,"column":6},"end":{"line":71,"column":47}},"41":{"start":{"line":73,"column":6},"end":{"line":73,"column":51}},"42":{"start":{"line":74,"column":6},"end":{"line":77,"column":8}},"43":{"start":{"line":81,"column":25},"end":{"line":92,"column":3}},"44":{"start":{"line":82,"column":4},"end":{"line":91,"column":5}},"45":{"start":{"line":83,"column":23},"end":{"line":83,"column":67}},"46":{"start":{"line":84,"column":6},"end":{"line":84,"column":47}},"47":{"start":{"line":86,"column":6},"end":{"line":86,"column":58}},"48":{"start":{"line":87,"column":6},"end":{"line":90,"column":8}},"49":{"start":{"line":94,"column":16},"end":{"line":102,"column":3}},"50":{"start":{"line":104,"column":2},"end":{"line":108,"column":4}}},"fnMap":{"0":{"name":"(anonymous_0)","decl":{"start":{"line":7,"column":23},"end":{"line":7,"column":24}},"loc":{"start":{"line":7,"column":29},"end":{"line":13,"column":1}},"line":7},"1":{"name":"(anonymous_1)","decl":{"start":{"line":15,"column":28},"end":{"line":15,"column":29}},"loc":{"start":{"line":15,"column":46},"end":{"line":109,"column":1}},"line":15},"2":{"name":"(anonymous_2)","decl":{"start":{"line":20,"column":12},"end":{"line":20,"column":13}},"loc":{"start":{"line":20,"column":18},"end":{"line":22,"column":3}},"line":20},"3":{"name":"(anonymous_3)","decl":{"start":{"line":24,"column":26},"end":{"line":24,"column":27}},"loc":{"start":{"line":24,"column":38},"end":{"line":37,"column":3}},"line":24},"4":{"name":"(anonymous_4)","decl":{"start":{"line":39,"column":16},"end":{"line":39,"column":17}},"loc":{"start":{"line":39,"column":46},"end":{"line":60,"column":3}},"line":39},"5":{"name":"(anonymous_5)","decl":{"start":{"line":62,"column":17},"end":{"line":62,"column":18}},"loc":{"start":{"line":62,"column":23},"end":{"line":66,"column":3}},"line":62},"6":{"name":"(anonymous_6)","decl":{"start":{"line":68,"column":27},"end":{"line":68,"column":28}},"loc":{"start":{"line":68,"column":51},"end":{"line":79,"column":3}},"line":68},"7":{"name":"(anonymous_7)","decl":{"start":{"line":81,"column":25},"end":{"line":81,"column":26}},"loc":{"start":{"line":81,"column":47},"end":{"line":92,"column":3}},"line":81}},"branchMap":{"0":{"loc":{"start":{"line":9,"column":2},"end":{"line":11,"column":3}},"type":"if","locations":[{"start":{"line":9,"column":2},"end":{"line":11,"column":3}},{"start":{},"end":{}}],"line":9},"1":{"loc":{"start":{"line":26,"column":4},"end":{"line":35,"column":5}},"type":"if","locations":[{"start":{"line":26,"column":4},"end":{"line":35,"column":5}},{"start":{},"end":{}}],"line":26},"2":{"loc":{"start":{"line":57,"column":15},"end":{"line":57,"column":61}},"type":"binary-expr","locations":[{"start":{"line":57,"column":15},"end":{"line":57,"column":43}},{"start":{"line":57,"column":47},"end":{"line":57,"column":61}}],"line":57},"3":{"loc":{"start":{"line":76,"column":15},"end":{"line":76,"column":60}},"type":"binary-expr","locations":[{"start":{"line":76,"column":15},"end":{"line":76,"column":35}},{"start":{"line":76,"column":39},"end":{"line":76,"column":60}}],"line":76},"4":{"loc":{"start":{"line":89,"column":15},"end":{"line":89,"column":60}},"type":"binary-expr","locations":[{"start":{"line":89,"column":15},"end":{"line":89,"column":35}},{"start":{"line":89,"column":39},"end":{"line":89,"column":60}}],"line":89}},"s":{"0":0,"1":0,"2":0,"3":0,"4":0,"5":0,"6":0,"7":0,"8":0,"9":0,"10":0,"11":0,"12":0,"13":0,"14":0,"15":0,"16":0,"17":0,"18":0,"19":0,"20":0,"21":0,"22":0,"23":0,"24":0,"25":0,"26":0,"27":0,"28":0,"29":0,"30":0,"31":0,"32":0,"33":0,"34":0,"35":0,"36":0,"37":0,"38":0,"39":0,"40":0,"41":0,"42":0,"43":0,"44":0,"45":0,"46":0,"47":0,"48":0,"49":0,"50":0},"f":{"0":0,"1":0,"2":0,"3":0,"4":0,"5":0,"6":0,"7":0},"b":{"0":[0,0],"1":[0,0],"2":[0,0],"3":[0,0],"4":[0,0]}}
,"C:\\Users\\360WEB\\DeliveryAppBackend\\frontend\\src\\pages\\CustomerRegister.js": {"path":"C:\\Users\\360WEB\\DeliveryAppBackend\\frontend\\src\\pages\\CustomerRegister.js","statementMap":{"0":{"start":{"line":8,"column":25},"end":{"line":268,"column":1}},"1":{"start":{"line":9,"column":81},"end":{"line":9,"column":90}},"2":{"start":{"line":10,"column":31},"end":{"line":10,"column":40}},"3":{"start":{"line":11,"column":19},"end":{"line":11,"column":32}},"4":{"start":{"line":12,"column":42},"end":{"line":12,"column":57}},"5":{"start":{"line":14,"column":21},"end":{"line":14,"column":48}},"6":{"start":{"line":16,"column":19},"end":{"line":35,"column":3}},"7":{"start":{"line":17,"column":19},"end":{"line":20,"column":6}},"8":{"start":{"line":22,"column":4},"end":{"line":34,"column":5}},"9":{"start":{"line":23,"column":6},"end":{"line":23,"column":84}},"10":{"start":{"line":24,"column":6},"end":{"line":24,"column":25}},"11":{"start":{"line":26,"column":6},"end":{"line":33,"column":7}},"12":{"start":{"line":27,"column":8},"end":{"line":30,"column":11}},"13":{"start":{"line":28,"column":26},"end":{"line":28,"column":74}},"14":{"start":{"line":29,"column":10},"end":{"line":29,"column":46}},"15":{"start":{"line":32,"column":8},"end":{"line":32,"column":34}},"16":{"start":{"line":37,"column":2},"end":{"line":267,"column":4}},"17":{"start":{"line":138,"column":33},"end":{"line":138,"column":63}}},"fnMap":{"0":{"name":"(anonymous_0)","decl":{"start":{"line":8,"column":25},"end":{"line":8,"column":26}},"loc":{"start":{"line":8,"column":31},"end":{"line":268,"column":1}},"line":8},"1":{"name":"(anonymous_1)","decl":{"start":{"line":16,"column":19},"end":{"line":16,"column":20}},"loc":{"start":{"line":16,"column":35},"end":{"line":35,"column":3}},"line":16},"2":{"name":"(anonymous_2)","decl":{"start":{"line":27,"column":45},"end":{"line":27,"column":46}},"loc":{"start":{"line":27,"column":68},"end":{"line":30,"column":9}},"line":27},"3":{"name":"(anonymous_3)","decl":{"start":{"line":138,"column":27},"end":{"line":138,"column":28}},"loc":{"start":{"line":138,"column":33},"end":{"line":138,"column":63}},"line":138}},"branchMap":{"0":{"loc":{"start":{"line":19,"column":19},"end":{"line":19,"column":44}},"type":"binary-expr","locations":[{"start":{"line":19,"column":19},"end":{"line":19,"column":35}},{"start":{"line":19,"column":39},"end":{"line":19,"column":44}}],"line":19},"1":{"loc":{"start":{"line":22,"column":4},"end":{"line":34,"column":5}},"type":"if","locations":[{"start":{"line":22,"column":4},"end":{"line":34,"column":5}},{"start":{"line":25,"column":11},"end":{"line":34,"column":5}}],"line":22},"2":{"loc":{"start":{"line":26,"column":6},"end":{"line":33,"column":7}},"type":"if","locations":[{"start":{"line":26,"column":6},"end":{"line":33,"column":7}},{"start":{"line":31,"column":13},"end":{"line":33,"column":7}}],"line":26},"3":{"loc":{"start":{"line":28,"column":26},"end":{"line":28,"column":74}},"type":"cond-expr","locations":[{"start":{"line":28,"column":52},"end":{"line":28,"column":63}},{"start":{"line":28,"column":66},"end":{"line":28,"column":74}}],"line":28},"4":{"loc":{"start":{"line":95,"column":15},"end":{"line":97,"column":15}},"type":"binary-expr","locations":[{"start":{"line":95,"column":15},"end":{"line":95,"column":30}},{"start":{"line":96,"column":16},"end":{"line":96,"column":86}}],"line":95},"5":{"loc":{"start":{"line":116,"column":15},"end":{"line":118,"column":15}},"type":"binary-expr","locations":[{"start":{"line":116,"column":15},"end":{"line":116,"column":27}},{"start":{"line":117,"column":16},"end":{"line":117,"column":83}}],"line":116},"6":{"loc":{"start":{"line":127,"column":24},"end":{"line":127,"column":58}},"type":"cond-expr","locations":[{"start":{"line":127,"column":39},"end":{"line":127,"column":45}},{"start":{"line":127,"column":48},"end":{"line":127,"column":58}}],"line":127},"7":{"loc":{"start":{"line":140,"column":19},"end":{"line":144,"column":19}},"type":"cond-expr","locations":[{"start":{"line":141,"column":20},"end":{"line":141,"column":70}},{"start":{"line":143,"column":20},"end":{"line":143,"column":65}}],"line":140},"8":{"loc":{"start":{"line":147,"column":15},"end":{"line":149,"column":15}},"type":"binary-expr","locations":[{"start":{"line":147,"column":15},"end":{"line":147,"column":30}},{"start":{"line":148,"column":16},"end":{"line":148,"column":86}}],"line":147},"9":{"loc":{"start":{"line":162,"column":15},"end":{"line":164,"column":15}},"type":"binary-expr","locations":[{"start":{"line":162,"column":15},"end":{"line":162,"column":32}},{"start":{"line":163,"column":16},"end":{"line":163,"column":88}}],"line":162},"10":{"loc":{"start":{"line":177,"column":15},"end":{"line":179,"column":15}},"type":"binary-expr","locations":[{"start":{"line":177,"column":15},"end":{"line":177,"column":31}},{"start":{"line":178,"column":16},"end":{"line":178,"column":87}}],"line":177},"11":{"loc":{"start":{"line":192,"column":15},"end":{"line":194,"column":15}},"type":"binary-expr","locations":[{"start":{"line":192,"column":15},"end":{"line":192,"column":34}},{"start":{"line":193,"column":16},"end":{"line":193,"column":90}}],"line":192},"12":{"loc":{"start":{"line":207,"column":15},"end":{"line":209,"column":15}},"type":"binary-expr","locations":[{"start":{"line":207,"column":15},"end":{"line":207,"column":29}},{"start":{"line":208,"column":16},"end":{"line":208,"column":85}}],"line":207},"13":{"loc":{"start":{"line":213,"column":13},"end":{"line":229,"column":13}},"type":"binary-expr","locations":[{"start":{"line":213,"column":13},"end":{"line":213,"column":23}},{"start":{"line":214,"column":14},"end":{"line":228,"column":20}}],"line":213},"14":{"loc":{"start":{"line":222,"column":30},"end":{"line":222,"column":99}},"type":"cond-expr","locations":[{"start":{"line":222,"column":43},"end":{"line":222,"column":91}},{"start":{"line":222,"column":94},"end":{"line":222,"column":99}}],"line":222},"15":{"loc":{"start":{"line":225,"column":17},"end":{"line":227,"column":17}},"type":"binary-expr","locations":[{"start":{"line":225,"column":17},"end":{"line":225,"column":36}},{"start":{"line":226,"column":18},"end":{"line":226,"column":92}}],"line":225},"16":{"loc":{"start":{"line":252,"column":15},"end":{"line":252,"column":70}},"type":"cond-expr","locations":[{"start":{"line":252,"column":30},"end":{"line":252,"column":51}},{"start":{"line":252,"column":54},"end":{"line":252,"column":70}}],"line":252}},"s":{"0":0,"1":0,"2":0,"3":0,"4":0,"5":0,"6":0,"7":0,"8":0,"9":0,"10":0,"11":0,"12":0,"13":0,"14":0,"15":0,"16":0,"17":0},"f":{"0":0,"1":0,"2":0,"3":0},"b":{"0":[0,0],"1":[0,0],"2":[0,0],"3":[0,0],"4":[0,0],"5":[0,0],"6":[0,0],"7":[0,0],"8":[0,0],"9":[0,0],"10":[0,0],"11":[0,0],"12":[0,0],"13":[0,0],"14":[0,0],"15":[0,0],"16":[0,0]}}
,"C:\\Users\\360WEB\\DeliveryAppBackend\\frontend\\src\\pages\\Dashboard.js": {"path":"C:\\Users\\360WEB\\DeliveryAppBackend\\frontend\\src\\pages\\Dashboard.js","statementMap":{"0":{"start":{"line":14,"column":18},"end":{"line":236,"column":1}},"1":{"start":{"line":15,"column":19},"end":{"line":15,"column":28}},"2":{"start":{"line":16,"column":38},"end":{"line":16,"column":50}},"3":{"start":{"line":17,"column":32},"end":{"line":17,"column":46}},"4":{"start":{"line":18,"column":28},"end":{"line":23,"column":4}},"5":{"start":{"line":25,"column":2},"end":{"line":27,"column":9}},"6":{"start":{"line":26,"column":4},"end":{"line":26,"column":21}},"7":{"start":{"line":29,"column":25},"end":{"line":49,"column":3}},"8":{"start":{"line":30,"column":4},"end":{"line":48,"column":5}},"9":{"start":{"line":31,"column":23},"end":{"line":31,"column":62}},"10":{"start":{"line":32,"column":6},"end":{"line":32,"column":56}},"11":{"start":{"line":35,"column":30},"end":{"line":35,"column":64}},"12":{"start":{"line":36,"column":23},"end":{"line":41,"column":7}},"13":{"start":{"line":38,"column":45},"end":{"line":38,"column":67}},"14":{"start":{"line":39,"column":45},"end":{"line":39,"column":68}},"15":{"start":{"line":40,"column":47},"end":{"line":40,"column":71}},"16":{"start":{"line":42,"column":6},"end":{"line":42,"column":25}},"17":{"start":{"line":44,"column":6},"end":{"line":44,"column":57}},"18":{"start":{"line":45,"column":6},"end":{"line":45,"column":47}},"19":{"start":{"line":47,"column":6},"end":{"line":47,"column":24}},"20":{"start":{"line":51,"column":24},"end":{"line":64,"column":3}},"21":{"start":{"line":52,"column":4},"end":{"line":63,"column":5}},"22":{"start":{"line":54,"column":8},"end":{"line":54,"column":65}},"23":{"start":{"line":56,"column":8},"end":{"line":56,"column":63}},"24":{"start":{"line":58,"column":8},"end":{"line":58,"column":70}},"25":{"start":{"line":60,"column":8},"end":{"line":60,"column":64}},"26":{"start":{"line":62,"column":8},"end":{"line":62,"column":63}},"27":{"start":{"line":66,"column":25},"end":{"line":79,"column":3}},"28":{"start":{"line":67,"column":4},"end":{"line":78,"column":5}},"29":{"start":{"line":69,"column":8},"end":{"line":69,"column":47}},"30":{"start":{"line":71,"column":8},"end":{"line":71,"column":43}},"31":{"start":{"line":73,"column":8},"end":{"line":73,"column":45}},"32":{"start":{"line":75,"column":8},"end":{"line":75,"column":41}},"33":{"start":{"line":77,"column":8},"end":{"line":77,"column":43}},"34":{"start":{"line":81,"column":2},"end":{"line":87,"column":3}},"35":{"start":{"line":82,"column":4},"end":{"line":86,"column":6}},"36":{"start":{"line":89,"column":2},"end":{"line":235,"column":4}},"37":{"start":{"line":170,"column":14},"end":{"line":218,"column":20}}},"fnMap":{"0":{"name":"(anonymous_0)","decl":{"start":{"line":14,"column":18},"end":{"line":14,"column":19}},"loc":{"start":{"line":14,"column":24},"end":{"line":236,"column":1}},"line":14},"1":{"name":"(anonymous_1)","decl":{"start":{"line":25,"column":12},"end":{"line":25,"column":13}},"loc":{"start":{"line":25,"column":18},"end":{"line":27,"column":3}},"line":25},"2":{"name":"(anonymous_2)","decl":{"start":{"line":29,"column":25},"end":{"line":29,"column":26}},"loc":{"start":{"line":29,"column":37},"end":{"line":49,"column":3}},"line":29},"3":{"name":"(anonymous_3)","decl":{"start":{"line":38,"column":40},"end":{"line":38,"column":41}},"loc":{"start":{"line":38,"column":45},"end":{"line":38,"column":67}},"line":38},"4":{"name":"(anonymous_4)","decl":{"start":{"line":39,"column":40},"end":{"line":39,"column":41}},"loc":{"start":{"line":39,"column":45},"end":{"line":39,"column":68}},"line":39},"5":{"name":"(anonymous_5)","decl":{"start":{"line":40,"column":42},"end":{"line":40,"column":43}},"loc":{"start":{"line":40,"column":47},"end":{"line":40,"column":71}},"line":40},"6":{"name":"(anonymous_6)","decl":{"start":{"line":51,"column":24},"end":{"line":51,"column":25}},"loc":{"start":{"line":51,"column":36},"end":{"line":64,"column":3}},"line":51},"7":{"name":"(anonymous_7)","decl":{"start":{"line":66,"column":25},"end":{"line":66,"column":26}},"loc":{"start":{"line":66,"column":37},"end":{"line":79,"column":3}},"line":66},"8":{"name":"(anonymous_8)","decl":{"start":{"line":169,"column":40},"end":{"line":169,"column":41}},"loc":{"start":{"line":170,"column":14},"end":{"line":218,"column":20}},"line":170}},"branchMap":{"0":{"loc":{"start":{"line":32,"column":20},"end":{"line":32,"column":54}},"type":"binary-expr","locations":[{"start":{"line":32,"column":20},"end":{"line":32,"column":36}},{"start":{"line":32,"column":40},"end":{"line":32,"column":48}},{"start":{"line":32,"column":52},"end":{"line":32,"column":54}}],"line":32},"1":{"loc":{"start":{"line":35,"column":30},"end":{"line":35,"column":64}},"type":"binary-expr","locations":[{"start":{"line":35,"column":30},"end":{"line":35,"column":46}},{"start":{"line":35,"column":50},"end":{"line":35,"column":58}},{"start":{"line":35,"column":62},"end":{"line":35,"column":64}}],"line":35},"2":{"loc":{"start":{"line":52,"column":4},"end":{"line":63,"column":5}},"type":"switch","locations":[{"start":{"line":53,"column":6},"end":{"line":54,"column":65}},{"start":{"line":55,"column":6},"end":{"line":56,"column":63}},{"start":{"line":57,"column":6},"end":{"line":58,"column":70}},{"start":{"line":59,"column":6},"end":{"line":60,"column":64}},{"start":{"line":61,"column":6},"end":{"line":62,"column":63}}],"line":52},"3":{"loc":{"start":{"line":67,"column":4},"end":{"line":78,"column":5}},"type":"switch","locations":[{"start":{"line":68,"column":6},"end":{"line":69,"column":47}},{"start":{"line":70,"column":6},"end":{"line":71,"column":43}},{"start":{"line":72,"column":6},"end":{"line":73,"column":45}},{"start":{"line":74,"column":6},"end":{"line":75,"column":41}},{"start":{"line":76,"column":6},"end":{"line":77,"column":43}}],"line":67},"4":{"loc":{"start":{"line":81,"column":2},"end":{"line":87,"column":3}},"type":"if","locations":[{"start":{"line":81,"column":2},"end":{"line":87,"column":3}},{"start":{},"end":{}}],"line":81},"5":{"loc":{"start":{"line":94,"column":25},"end":{"line":94,"column":61}},"type":"binary-expr","locations":[{"start":{"line":94,"column":25},"end":{"line":94,"column":43}},{"start":{"line":94,"column":47},"end":{"line":94,"column":61}}],"line":94},"6":{"loc":{"start":{"line":150,"column":9},"end":{"line":221,"column":9}},"type":"cond-expr","locations":[{"start":{"line":151,"column":10},"end":{"line":166,"column":16}},{"start":{"line":168,"column":10},"end":{"line":220,"column":16}}],"line":150},"7":{"loc":{"start":{"line":223,"column":9},"end":{"line":232,"column":9}},"type":"binary-expr","locations":[{"start":{"line":223,"column":9},"end":{"line":223,"column":30}},{"start":{"line":224,"column":10},"end":{"line":231,"column":16}}],"line":223}},"s":{"0":0,"1":0,"2":0,"3":0,"4":0,"5":0,"6":0,"7":0,"8":0,"9":0,"10":0,"11":0,"12":0,"13":0,"14":0,"15":0,"16":0,"17":0,"18":0,"19":0,"20":0,"21":0,"22":0,"23":0,"24":0,"25":0,"26":0,"27":0,"28":0,"29":0,"30":0,"31":0,"32":0,"33":0,"34":0,"35":0,"36":0,"37":0},"f":{"0":0,"1":0,"2":0,"3":0,"4":0,"5":0,"6":0,"7":0,"8":0},"b":{"0":[0,0,0],"1":[0,0,0],"2":[0,0,0,0,0],"3":[0,0,0,0,0],"4":[0,0],"5":[0,0],"6":[0,0],"7":[0,0]}}
,"C:\\Users\\360WEB\\DeliveryAppBackend\\frontend\\src\\pages\\DriverRegister.js": {"path":"C:\\Users\\360WEB\\DeliveryAppBackend\\frontend\\src\\pages\\DriverRegister.js","statementMap":{"0":{"start":{"line":8,"column":23},"end":{"line":300,"column":1}},"1":{"start":{"line":9,"column":74},"end":{"line":9,"column":83}},"2":{"start":{"line":10,"column":29},"end":{"line":10,"column":38}},"3":{"start":{"line":11,"column":19},"end":{"line":11,"column":32}},"4":{"start":{"line":12,"column":42},"end":{"line":12,"column":57}},"5":{"start":{"line":14,"column":19},"end":{"line":30,"column":3}},"6":{"start":{"line":15,"column":19},"end":{"line":15,"column":45}},"7":{"start":{"line":17,"column":4},"end":{"line":29,"column":5}},"8":{"start":{"line":18,"column":6},"end":{"line":18,"column":91}},"9":{"start":{"line":19,"column":6},"end":{"line":19,"column":25}},"10":{"start":{"line":21,"column":6},"end":{"line":28,"column":7}},"11":{"start":{"line":22,"column":8},"end":{"line":25,"column":11}},"12":{"start":{"line":23,"column":26},"end":{"line":23,"column":74}},"13":{"start":{"line":24,"column":10},"end":{"line":24,"column":46}},"14":{"start":{"line":27,"column":8},"end":{"line":27,"column":34}},"15":{"start":{"line":32,"column":2},"end":{"line":299,"column":4}},"16":{"start":{"line":112,"column":35},"end":{"line":112,"column":65}}},"fnMap":{"0":{"name":"(anonymous_0)","decl":{"start":{"line":8,"column":23},"end":{"line":8,"column":24}},"loc":{"start":{"line":8,"column":29},"end":{"line":300,"column":1}},"line":8},"1":{"name":"(anonymous_1)","decl":{"start":{"line":14,"column":19},"end":{"line":14,"column":20}},"loc":{"start":{"line":14,"column":35},"end":{"line":30,"column":3}},"line":14},"2":{"name":"(anonymous_2)","decl":{"start":{"line":22,"column":45},"end":{"line":22,"column":46}},"loc":{"start":{"line":22,"column":68},"end":{"line":25,"column":9}},"line":22},"3":{"name":"(anonymous_3)","decl":{"start":{"line":112,"column":29},"end":{"line":112,"column":30}},"loc":{"start":{"line":112,"column":35},"end":{"line":112,"column":65}},"line":112}},"branchMap":{"0":{"loc":{"start":{"line":17,"column":4},"end":{"line":29,"column":5}},"type":"if","locations":[{"start":{"line":17,"column":4},"end":{"line":29,"column":5}},{"start":{"line":20,"column":11},"end":{"line":29,"column":5}}],"line":17},"1":{"loc":{"start":{"line":21,"column":6},"end":{"line":28,"column":7}},"type":"if","locations":[{"start":{"line":21,"column":6},"end":{"line":28,"column":7}},{"start":{"line":26,"column":13},"end":{"line":28,"column":7}}],"line":21},"2":{"loc":{"start":{"line":23,"column":26},"end":{"line":23,"column":74}},"type":"cond-expr","locations":[{"start":{"line":23,"column":52},"end":{"line":23,"column":63}},{"start":{"line":23,"column":66},"end":{"line":23,"column":74}}],"line":23},"3":{"loc":{"start":{"line":69,"column":17},"end":{"line":71,"column":17}},"type":"binary-expr","locations":[{"start":{"line":69,"column":17},"end":{"line":69,"column":32}},{"start":{"line":70,"column":18},"end":{"line":70,"column":88}}],"line":69},"4":{"loc":{"start":{"line":90,"column":17},"end":{"line":92,"column":17}},"type":"binary-expr","locations":[{"start":{"line":90,"column":17},"end":{"line":90,"column":29}},{"start":{"line":91,"column":18},"end":{"line":91,"column":85}}],"line":90},"5":{"loc":{"start":{"line":101,"column":26},"end":{"line":101,"column":60}},"type":"cond-expr","locations":[{"start":{"line":101,"column":41},"end":{"line":101,"column":47}},{"start":{"line":101,"column":50},"end":{"line":101,"column":60}}],"line":101},"6":{"loc":{"start":{"line":114,"column":21},"end":{"line":118,"column":21}},"type":"cond-expr","locations":[{"start":{"line":115,"column":22},"end":{"line":115,"column":72}},{"start":{"line":117,"column":22},"end":{"line":117,"column":67}}],"line":114},"7":{"loc":{"start":{"line":121,"column":17},"end":{"line":123,"column":17}},"type":"binary-expr","locations":[{"start":{"line":121,"column":17},"end":{"line":121,"column":32}},{"start":{"line":122,"column":18},"end":{"line":122,"column":88}}],"line":121},"8":{"loc":{"start":{"line":137,"column":19},"end":{"line":139,"column":19}},"type":"binary-expr","locations":[{"start":{"line":137,"column":19},"end":{"line":137,"column":36}},{"start":{"line":138,"column":20},"end":{"line":138,"column":92}}],"line":137},"9":{"loc":{"start":{"line":152,"column":19},"end":{"line":154,"column":19}},"type":"binary-expr","locations":[{"start":{"line":152,"column":19},"end":{"line":152,"column":35}},{"start":{"line":153,"column":20},"end":{"line":153,"column":91}}],"line":152},"10":{"loc":{"start":{"line":168,"column":17},"end":{"line":170,"column":17}},"type":"binary-expr","locations":[{"start":{"line":168,"column":17},"end":{"line":168,"column":28}},{"start":{"line":169,"column":18},"end":{"line":169,"column":84}}],"line":168},"11":{"loc":{"start":{"line":183,"column":17},"end":{"line":185,"column":17}},"type":"binary-expr","locations":[{"start":{"line":183,"column":17},"end":{"line":183,"column":36}},{"start":{"line":184,"column":18},"end":{"line":184,"column":92}}],"line":183},"12":{"loc":{"start":{"line":198,"column":17},"end":{"line":200,"column":17}},"type":"binary-expr","locations":[{"start":{"line":198,"column":17},"end":{"line":198,"column":38}},{"start":{"line":199,"column":18},"end":{"line":199,"column":94}}],"line":198},"13":{"loc":{"start":{"line":218,"column":17},"end":{"line":220,"column":17}},"type":"binary-expr","locations":[{"start":{"line":218,"column":17},"end":{"line":218,"column":45}},{"start":{"line":219,"column":18},"end":{"line":219,"column":101}}],"line":218},"14":{"loc":{"start":{"line":233,"column":17},"end":{"line":235,"column":17}},"type":"binary-expr","locations":[{"start":{"line":233,"column":17},"end":{"line":233,"column":37}},{"start":{"line":234,"column":18},"end":{"line":234,"column":93}}],"line":233},"15":{"loc":{"start":{"line":255,"column":19},"end":{"line":257,"column":19}},"type":"binary-expr","locations":[{"start":{"line":255,"column":19},"end":{"line":255,"column":42}},{"start":{"line":256,"column":20},"end":{"line":256,"column":98}}],"line":255},"16":{"loc":{"start":{"line":270,"column":19},"end":{"line":272,"column":19}},"type":"binary-expr","locations":[{"start":{"line":270,"column":19},"end":{"line":270,"column":47}},{"start":{"line":271,"column":20},"end":{"line":271,"column":103}}],"line":270},"17":{"loc":{"start":{"line":284,"column":15},"end":{"line":284,"column":69}},"type":"cond-expr","locations":[{"start":{"line":284,"column":30},"end":{"line":284,"column":46}},{"start":{"line":284,"column":49},"end":{"line":284,"column":69}}],"line":284}},"s":{"0":0,"1":0,"2":0,"3":0,"4":0,"5":0,"6":0,"7":0,"8":0,"9":0,"10":0,"11":0,"12":0,"13":0,"14":0,"15":0,"16":0},"f":{"0":0,"1":0,"2":0,"3":0},"b":{"0":[0,0],"1":[0,0],"2":[0,0],"3":[0,0],"4":[0,0],"5":[0,0],"6":[0,0],"7":[0,0],"8":[0,0],"9":[0,0],"10":[0,0],"11":[0,0],"12":[0,0],"13":[0,0],"14":[0,0],"15":[0,0],"16":[0,0],"17":[0,0]}}
,"C:\\Users\\360WEB\\DeliveryAppBackend\\frontend\\src\\pages\\Login.js": {"path":"C:\\Users\\360WEB\\DeliveryAppBackend\\frontend\\src\\pages\\Login.js","statementMap":{"0":{"start":{"line":8,"column":14},"end":{"line":127,"column":1}},"1":{"start":{"line":9,"column":74},"end":{"line":9,"column":83}},"2":{"start":{"line":10,"column":20},"end":{"line":10,"column":29}},"3":{"start":{"line":11,"column":19},"end":{"line":11,"column":32}},"4":{"start":{"line":12,"column":42},"end":{"line":12,"column":57}},"5":{"start":{"line":14,"column":19},"end":{"line":22,"column":3}},"6":{"start":{"line":15,"column":19},"end":{"line":15,"column":60}},"7":{"start":{"line":16,"column":4},"end":{"line":21,"column":5}},"8":{"start":{"line":17,"column":6},"end":{"line":17,"column":41}},"9":{"start":{"line":18,"column":6},"end":{"line":18,"column":20}},"10":{"start":{"line":20,"column":6},"end":{"line":20,"column":32}},"11":{"start":{"line":24,"column":2},"end":{"line":126,"column":4}},"12":{"start":{"line":79,"column":33},"end":{"line":79,"column":63}}},"fnMap":{"0":{"name":"(anonymous_0)","decl":{"start":{"line":8,"column":14},"end":{"line":8,"column":15}},"loc":{"start":{"line":8,"column":20},"end":{"line":127,"column":1}},"line":8},"1":{"name":"(anonymous_1)","decl":{"start":{"line":14,"column":19},"end":{"line":14,"column":20}},"loc":{"start":{"line":14,"column":35},"end":{"line":22,"column":3}},"line":14},"2":{"name":"(anonymous_2)","decl":{"start":{"line":79,"column":27},"end":{"line":79,"column":28}},"loc":{"start":{"line":79,"column":33},"end":{"line":79,"column":63}},"line":79}},"branchMap":{"0":{"loc":{"start":{"line":16,"column":4},"end":{"line":21,"column":5}},"type":"if","locations":[{"start":{"line":16,"column":4},"end":{"line":21,"column":5}},{"start":{"line":19,"column":11},"end":{"line":21,"column":5}}],"line":16},"1":{"loc":{"start":{"line":57,"column":15},"end":{"line":59,"column":15}},"type":"binary-expr","locations":[{"start":{"line":57,"column":15},"end":{"line":57,"column":30}},{"start":{"line":58,"column":16},"end":{"line":58,"column":86}}],"line":57},"2":{"loc":{"start":{"line":69,"column":24},"end":{"line":69,"column":58}},"type":"cond-expr","locations":[{"start":{"line":69,"column":39},"end":{"line":69,"column":45}},{"start":{"line":69,"column":48},"end":{"line":69,"column":58}}],"line":69},"3":{"loc":{"start":{"line":81,"column":19},"end":{"line":85,"column":19}},"type":"cond-expr","locations":[{"start":{"line":82,"column":20},"end":{"line":82,"column":70}},{"start":{"line":84,"column":20},"end":{"line":84,"column":65}}],"line":81},"4":{"loc":{"start":{"line":88,"column":15},"end":{"line":90,"column":15}},"type":"binary-expr","locations":[{"start":{"line":88,"column":15},"end":{"line":88,"column":30}},{"start":{"line":89,"column":16},"end":{"line":89,"column":86}}],"line":88},"5":{"loc":{"start":{"line":100,"column":15},"end":{"line":100,"column":57}},"type":"cond-expr","locations":[{"start":{"line":100,"column":30},"end":{"line":100,"column":45}},{"start":{"line":100,"column":48},"end":{"line":100,"column":57}}],"line":100}},"s":{"0":0,"1":0,"2":0,"3":0,"4":0,"5":0,"6":0,"7":0,"8":0,"9":0,"10":0,"11":0,"12":0},"f":{"0":0,"1":0,"2":0},"b":{"0":[0,0],"1":[0,0],"2":[0,0],"3":[0,0],"4":[0,0],"5":[0,0]}}
,"C:\\Users\\360WEB\\DeliveryAppBackend\\frontend\\src\\pages\\MyDeliveries.js": {"path":"C:\\Users\\360WEB\\DeliveryAppBackend\\frontend\\src\\pages\\MyDeliveries.js","statementMap":{"0":{"start":{"line":13,"column":21},"end":{"line":238,"column":1}},"1":{"start":{"line":14,"column":38},"end":{"line":14,"column":50}},"2":{"start":{"line":15,"column":32},"end":{"line":15,"column":46}},"3":{"start":{"line":16,"column":30},"end":{"line":16,"column":45}},"4":{"start":{"line":18,"column":2},"end":{"line":20,"column":9}},"5":{"start":{"line":19,"column":4},"end":{"line":19,"column":21}},"6":{"start":{"line":22,"column":25},"end":{"line":32,"column":3}},"7":{"start":{"line":23,"column":4},"end":{"line":31,"column":5}},"8":{"start":{"line":24,"column":23},"end":{"line":24,"column":62}},"9":{"start":{"line":25,"column":6},"end":{"line":25,"column":56}},"10":{"start":{"line":27,"column":6},"end":{"line":27,"column":57}},"11":{"start":{"line":28,"column":6},"end":{"line":28,"column":47}},"12":{"start":{"line":30,"column":6},"end":{"line":30,"column":24}},"13":{"start":{"line":34,"column":24},"end":{"line":47,"column":3}},"14":{"start":{"line":35,"column":4},"end":{"line":46,"column":5}},"15":{"start":{"line":37,"column":8},"end":{"line":37,"column":65}},"16":{"start":{"line":39,"column":8},"end":{"line":39,"column":63}},"17":{"start":{"line":41,"column":8},"end":{"line":41,"column":70}},"18":{"start":{"line":43,"column":8},"end":{"line":43,"column":64}},"19":{"start":{"line":45,"column":8},"end":{"line":45,"column":63}},"20":{"start":{"line":49,"column":25},"end":{"line":62,"column":3}},"21":{"start":{"line":50,"column":4},"end":{"line":61,"column":5}},"22":{"start":{"line":52,"column":8},"end":{"line":52,"column":47}},"23":{"start":{"line":54,"column":8},"end":{"line":54,"column":43}},"24":{"start":{"line":56,"column":8},"end":{"line":56,"column":45}},"25":{"start":{"line":58,"column":8},"end":{"line":58,"column":41}},"26":{"start":{"line":60,"column":8},"end":{"line":60,"column":43}},"27":{"start":{"line":64,"column":29},"end":{"line":67,"column":4}},"28":{"start":{"line":65,"column":4},"end":{"line":65,"column":38}},"29":{"start":{"line":65,"column":26},"end":{"line":65,"column":38}},"30":{"start":{"line":66,"column":4},"end":{"line":66,"column":70}},"31":{"start":{"line":69,"column":2},"end":{"line":75,"column":3}},"32":{"start":{"line":70,"column":4},"end":{"line":74,"column":6}},"33":{"start":{"line":77,"column":2},"end":{"line":237,"column":4}},"34":{"start":{"line":92,"column":27},"end":{"line":92,"column":52}},"35":{"start":{"line":134,"column":12},"end":{"line":232,"column":18}}},"fnMap":{"0":{"name":"(anonymous_0)","decl":{"start":{"line":13,"column":21},"end":{"line":13,"column":22}},"loc":{"start":{"line":13,"column":27},"end":{"line":238,"column":1}},"line":13},"1":{"name":"(anonymous_1)","decl":{"start":{"line":18,"column":12},"end":{"line":18,"column":13}},"loc":{"start":{"line":18,"column":18},"end":{"line":20,"column":3}},"line":18},"2":{"name":"(anonymous_2)","decl":{"start":{"line":22,"column":25},"end":{"line":22,"column":26}},"loc":{"start":{"line":22,"column":37},"end":{"line":32,"column":3}},"line":22},"3":{"name":"(anonymous_3)","decl":{"start":{"line":34,"column":24},"end":{"line":34,"column":25}},"loc":{"start":{"line":34,"column":36},"end":{"line":47,"column":3}},"line":34},"4":{"name":"(anonymous_4)","decl":{"start":{"line":49,"column":25},"end":{"line":49,"column":26}},"loc":{"start":{"line":49,"column":37},"end":{"line":62,"column":3}},"line":49},"5":{"name":"(anonymous_5)","decl":{"start":{"line":64,"column":47},"end":{"line":64,"column":48}},"loc":{"start":{"line":64,"column":59},"end":{"line":67,"column":3}},"line":64},"6":{"name":"(anonymous_6)","decl":{"start":{"line":92,"column":20},"end":{"line":92,"column":21}},"loc":{"start":{"line":92,"column":27},"end":{"line":92,"column":52}},"line":92},"7":{"name":"(anonymous_7)","decl":{"start":{"line":133,"column":34},"end":{"line":133,"column":35}},"loc":{"start":{"line":134,"column":12},"end":{"line":232,"column":18}},"line":134}},"branchMap":{"0":{"loc":{"start":{"line":25,"column":20},"end":{"line":25,"column":54}},"type":"binary-expr","locations":[{"start":{"line":25,"column":20},"end":{"line":25,"column":36}},{"start":{"line":25,"column":40},"end":{"line":25,"column":48}},{"start":{"line":25,"column":52},"end":{"line":25,"column":54}}],"line":25},"1":{"loc":{"start":{"line":35,"column":4},"end":{"line":46,"column":5}},"type":"switch","locations":[{"start":{"line":36,"column":6},"end":{"line":37,"column":65}},{"start":{"line":38,"column":6},"end":{"line":39,"column":63}},{"start":{"line":40,"column":6},"end":{"line":41,"column":70}},{"start":{"line":42,"column":6},"end":{"line":43,"column":64}},{"start":{"line":44,"column":6},"end":{"line":45,"column":63}}],"line":35},"2":{"loc":{"start":{"line":50,"column":4},"end":{"line":61,"column":5}},"type":"switch","locations":[{"start":{"line":51,"column":6},"end":{"line":52,"column":47}},{"start":{"line":53,"column":6},"end":{"line":54,"column":43}},{"start":{"line":55,"column":6},"end":{"line":56,"column":45}},{"start":{"line":57,"column":6},"end":{"line":58,"column":41}},{"start":{"line":59,"column":6},"end":{"line":60,"column":43}}],"line":50},"3":{"loc":{"start":{"line":65,"column":4},"end":{"line":65,"column":38}},"type":"if","locations":[{"start":{"line":65,"column":4},"end":{"line":65,"column":38}},{"start":{},"end":{}}],"line":65},"4":{"loc":{"start":{"line":69,"column":2},"end":{"line":75,"column":3}},"type":"if","locations":[{"start":{"line":69,"column":2},"end":{"line":75,"column":3}},{"start":{},"end":{}}],"line":69},"5":{"loc":{"start":{"line":107,"column":7},"end":{"line":235,"column":7}},"type":"cond-expr","locations":[{"start":{"line":108,"column":8},"end":{"line":130,"column":14}},{"start":{"line":132,"column":8},"end":{"line":234,"column":14}}],"line":107},"6":{"loc":{"start":{"line":111,"column":13},"end":{"line":111,"column":79}},"type":"cond-expr","locations":[{"start":{"line":111,"column":32},"end":{"line":111,"column":51}},{"start":{"line":111,"column":54},"end":{"line":111,"column":79}}],"line":111},"7":{"loc":{"start":{"line":114,"column":13},"end":{"line":116,"column":66}},"type":"cond-expr","locations":[{"start":{"line":115,"column":16},"end":{"line":115,"column":64}},{"start":{"line":116,"column":16},"end":{"line":116,"column":66}}],"line":114},"8":{"loc":{"start":{"line":119,"column":11},"end":{"line":129,"column":11}},"type":"binary-expr","locations":[{"start":{"line":119,"column":11},"end":{"line":119,"column":27}},{"start":{"line":120,"column":12},"end":{"line":128,"column":18}}],"line":119},"9":{"loc":{"start":{"line":158,"column":27},"end":{"line":162,"column":27}},"type":"binary-expr","locations":[{"start":{"line":158,"column":27},"end":{"line":158,"column":59}},{"start":{"line":159,"column":28},"end":{"line":161,"column":35}}],"line":158},"10":{"loc":{"start":{"line":175,"column":27},"end":{"line":179,"column":27}},"type":"binary-expr","locations":[{"start":{"line":175,"column":27},"end":{"line":175,"column":60}},{"start":{"line":176,"column":28},"end":{"line":178,"column":35}}],"line":175},"11":{"loc":{"start":{"line":211,"column":19},"end":{"line":220,"column":19}},"type":"binary-expr","locations":[{"start":{"line":211,"column":19},"end":{"line":211,"column":48}},{"start":{"line":212,"column":20},"end":{"line":219,"column":26}}],"line":211},"12":{"loc":{"start":{"line":225,"column":19},"end":{"line":229,"column":19}},"type":"binary-expr","locations":[{"start":{"line":225,"column":19},"end":{"line":225,"column":48}},{"start":{"line":226,"column":20},"end":{"line":228,"column":29}}],"line":225}},"s":{"0":0,"1":0,"2":0,"3":0,"4":0,"5":0,"6":0,"7":0,"8":0,"9":0,"10":0,"11":0,"12":0,"13":0,"14":0,"15":0,"16":0,"17":0,"18":0,"19":0,"20":0,"21":0,"22":0,"23":0,"24":0,"25":0,"26":0,"27":0,"28":0,"29":0,"30":0,"31":0,"32":0,"33":0,"34":0,"35":0},"f":{"0":0,"1":0,"2":0,"3":0,"4":0,"5":0,"6":0,"7":0},"b":{"0":[0,0,0],"1":[0,0,0,0,0],"2":[0,0,0,0,0],"3":[0,0],"4":[0,0],"5":[0,0],"6":[0,0],"7":[0,0],"8":[0,0],"9":[0,0],"10":[0,0],"11":[0,0],"12":[0,0]}}
,"C:\\Users\\360WEB\\DeliveryAppBackend\\frontend\\src\\pages\\RequestDelivery.js": {"path":"C:\\Users\\360WEB\\DeliveryAppBackend\\frontend\\src\\pages\\RequestDelivery.js","statementMap":{"0":{"start":{"line":8,"column":24},"end":{"line":285,"column":1}},"1":{"start":{"line":9,"column":91},"end":{"line":9,"column":100}},"2":{"start":{"line":10,"column":19},"end":{"line":10,"column":28}},"3":{"start":{"line":11,"column":48},"end":{"line":11,"column":62}},"4":{"start":{"line":14,"column":31},"end":{"line":14,"column":70}},"5":{"start":{"line":15,"column":29},"end":{"line":15,"column":65}},"6":{"start":{"line":16,"column":32},"end":{"line":16,"column":72}},"7":{"start":{"line":18,"column":2},"end":{"line":23,"column":13}},"8":{"start":{"line":20,"column":4},"end":{"line":22,"column":5}},"9":{"start":{"line":21,"column":6},"end":{"line":21,"column":31}},"10":{"start":{"line":26,"column":2},"end":{"line":36,"column":76}},"11":{"start":{"line":27,"column":4},"end":{"line":35,"column":5}},"12":{"start":{"line":28,"column":6},"end":{"line":34,"column":7}},"13":{"start":{"line":29,"column":8},"end":{"line":29,"column":61}},"14":{"start":{"line":30,"column":13},"end":{"line":34,"column":7}},"15":{"start":{"line":31,"column":8},"end":{"line":31,"column":78}},"16":{"start":{"line":32,"column":13},"end":{"line":34,"column":7}},"17":{"start":{"line":33,"column":8},"end":{"line":33,"column":40}},"18":{"start":{"line":39,"column":2},"end":{"line":45,"column":57}},"19":{"start":{"line":40,"column":4},"end":{"line":44,"column":5}},"20":{"start":{"line":41,"column":6},"end":{"line":41,"column":60}},"21":{"start":{"line":42,"column":11},"end":{"line":44,"column":5}},"22":{"start":{"line":43,"column":6},"end":{"line":43,"column":39}},"23":{"start":{"line":47,"column":19},"end":{"line":73,"column":3}},"24":{"start":{"line":48,"column":4},"end":{"line":72,"column":5}},"25":{"start":{"line":49,"column":21},"end":{"line":49,"column":64}},"26":{"start":{"line":50,"column":6},"end":{"line":50,"column":56}},"27":{"start":{"line":52,"column":6},"end":{"line":52,"column":38}},"28":{"start":{"line":53,"column":6},"end":{"line":53,"column":39}},"29":{"start":{"line":54,"column":6},"end":{"line":54,"column":49}},"30":{"start":{"line":55,"column":6},"end":{"line":55,"column":46}},"31":{"start":{"line":56,"column":6},"end":{"line":56,"column":50}},"32":{"start":{"line":57,"column":6},"end":{"line":57,"column":39}},"33":{"start":{"line":58,"column":6},"end":{"line":58,"column":36}},"34":{"start":{"line":59,"column":6},"end":{"line":59,"column":36}},"35":{"start":{"line":60,"column":6},"end":{"line":60,"column":43}},"36":{"start":{"line":62,"column":6},"end":{"line":62,"column":55}},"37":{"start":{"line":63,"column":6},"end":{"line":71,"column":7}},"38":{"start":{"line":64,"column":23},"end":{"line":64,"column":42}},"39":{"start":{"line":65,"column":8},"end":{"line":68,"column":11}},"40":{"start":{"line":66,"column":26},"end":{"line":66,"column":74}},"41":{"start":{"line":67,"column":10},"end":{"line":67,"column":46}},"42":{"start":{"line":70,"column":8},"end":{"line":70,"column":69}},"43":{"start":{"line":76,"column":19},"end":{"line":76,"column":29}},"44":{"start":{"line":77,"column":2},"end":{"line":77,"column":43}},"45":{"start":{"line":78,"column":18},"end":{"line":78,"column":54}},"46":{"start":{"line":80,"column":2},"end":{"line":284,"column":4}}},"fnMap":{"0":{"name":"(anonymous_0)","decl":{"start":{"line":8,"column":24},"end":{"line":8,"column":25}},"loc":{"start":{"line":8,"column":30},"end":{"line":285,"column":1}},"line":8},"1":{"name":"(anonymous_1)","decl":{"start":{"line":18,"column":12},"end":{"line":18,"column":13}},"loc":{"start":{"line":18,"column":18},"end":{"line":23,"column":3}},"line":18},"2":{"name":"(anonymous_2)","decl":{"start":{"line":26,"column":12},"end":{"line":26,"column":13}},"loc":{"start":{"line":26,"column":18},"end":{"line":36,"column":3}},"line":26},"3":{"name":"(anonymous_3)","decl":{"start":{"line":39,"column":12},"end":{"line":39,"column":13}},"loc":{"start":{"line":39,"column":18},"end":{"line":45,"column":3}},"line":39},"4":{"name":"(anonymous_4)","decl":{"start":{"line":47,"column":19},"end":{"line":47,"column":20}},"loc":{"start":{"line":47,"column":35},"end":{"line":73,"column":3}},"line":47},"5":{"name":"(anonymous_5)","decl":{"start":{"line":65,"column":39},"end":{"line":65,"column":40}},"loc":{"start":{"line":65,"column":62},"end":{"line":68,"column":9}},"line":65}},"branchMap":{"0":{"loc":{"start":{"line":20,"column":4},"end":{"line":22,"column":5}},"type":"if","locations":[{"start":{"line":20,"column":4},"end":{"line":22,"column":5}},{"start":{},"end":{}}],"line":20},"1":{"loc":{"start":{"line":27,"column":4},"end":{"line":35,"column":5}},"type":"if","locations":[{"start":{"line":27,"column":4},"end":{"line":35,"column":5}},{"start":{},"end":{}}],"line":27},"2":{"loc":{"start":{"line":28,"column":6},"end":{"line":34,"column":7}},"type":"if","locations":[{"start":{"line":28,"column":6},"end":{"line":34,"column":7}},{"start":{"line":30,"column":13},"end":{"line":34,"column":7}}],"line":28},"3":{"loc":{"start":{"line":30,"column":13},"end":{"line":34,"column":7}},"type":"if","locations":[{"start":{"line":30,"column":13},"end":{"line":34,"column":7}},{"start":{"line":32,"column":13},"end":{"line":34,"column":7}}],"line":30},"4":{"loc":{"start":{"line":30,"column":17},"end":{"line":30,"column":79}},"type":"binary-expr","locations":[{"start":{"line":30,"column":17},"end":{"line":30,"column":35}},{"start":{"line":30,"column":39},"end":{"line":30,"column":79}}],"line":30},"5":{"loc":{"start":{"line":32,"column":13},"end":{"line":34,"column":7}},"type":"if","locations":[{"start":{"line":32,"column":13},"end":{"line":34,"column":7}},{"start":{},"end":{}}],"line":32},"6":{"loc":{"start":{"line":32,"column":17},"end":{"line":32,"column":61}},"type":"binary-expr","locations":[{"start":{"line":32,"column":17},"end":{"line":32,"column":38}},{"start":{"line":32,"column":42},"end":{"line":32,"column":61}}],"line":32},"7":{"loc":{"start":{"line":40,"column":4},"end":{"line":44,"column":5}},"type":"if","locations":[{"start":{"line":40,"column":4},"end":{"line":44,"column":5}},{"start":{"line":42,"column":11},"end":{"line":44,"column":5}}],"line":40},"8":{"loc":{"start":{"line":40,"column":8},"end":{"line":40,"column":48}},"type":"binary-expr","locations":[{"start":{"line":40,"column":8},"end":{"line":40,"column":23}},{"start":{"line":40,"column":27},"end":{"line":40,"column":48}}],"line":40},"9":{"loc":{"start":{"line":42,"column":11},"end":{"line":44,"column":5}},"type":"if","locations":[{"start":{"line":42,"column":11},"end":{"line":44,"column":5}},{"start":{},"end":{}}],"line":42},"10":{"loc":{"start":{"line":63,"column":6},"end":{"line":71,"column":7}},"type":"if","locations":[{"start":{"line":63,"column":6},"end":{"line":71,"column":7}},{"start":{"line":69,"column":13},"end":{"line":71,"column":7}}],"line":63},"11":{"loc":{"start":{"line":66,"column":26},"end":{"line":66,"column":74}},"type":"cond-expr","locations":[{"start":{"line":66,"column":52},"end":{"line":66,"column":63}},{"start":{"line":66,"column":66},"end":{"line":66,"column":74}}],"line":66},"12":{"loc":{"start":{"line":88,"column":9},"end":{"line":100,"column":9}},"type":"binary-expr","locations":[{"start":{"line":88,"column":9},"end":{"line":88,"column":24}},{"start":{"line":89,"column":10},"end":{"line":99,"column":16}}],"line":88},"13":{"loc":{"start":{"line":94,"column":13},"end":{"line":98,"column":13}},"type":"binary-expr","locations":[{"start":{"line":94,"column":13},"end":{"line":94,"column":53}},{"start":{"line":95,"column":14},"end":{"line":97,"column":18}}],"line":94},"14":{"loc":{"start":{"line":123,"column":15},"end":{"line":135,"column":15}},"type":"binary-expr","locations":[{"start":{"line":123,"column":15},"end":{"line":123,"column":56}},{"start":{"line":124,"column":16},"end":{"line":134,"column":24}}],"line":123},"15":{"loc":{"start":{"line":131,"column":51},"end":{"line":131,"column":107}},"type":"cond-expr","locations":[{"start":{"line":131,"column":74},"end":{"line":131,"column":89}},{"start":{"line":131,"column":92},"end":{"line":131,"column":107}}],"line":131},"16":{"loc":{"start":{"line":146,"column":41},"end":{"line":146,"column":106}},"type":"cond-expr","locations":[{"start":{"line":146,"column":88},"end":{"line":146,"column":101}},{"start":{"line":146,"column":104},"end":{"line":146,"column":106}}],"line":146},"17":{"loc":{"start":{"line":146,"column":42},"end":{"line":146,"column":84}},"type":"binary-expr","locations":[{"start":{"line":146,"column":42},"end":{"line":146,"column":62}},{"start":{"line":146,"column":66},"end":{"line":146,"column":84}}],"line":146},"18":{"loc":{"start":{"line":148,"column":26},"end":{"line":148,"column":68}},"type":"binary-expr","locations":[{"start":{"line":148,"column":26},"end":{"line":148,"column":46}},{"start":{"line":148,"column":50},"end":{"line":148,"column":68}}],"line":148},"19":{"loc":{"start":{"line":150,"column":28},"end":{"line":150,"column":112}},"type":"cond-expr","locations":[{"start":{"line":150,"column":75},"end":{"line":150,"column":104}},{"start":{"line":150,"column":107},"end":{"line":150,"column":112}}],"line":150},"20":{"loc":{"start":{"line":150,"column":28},"end":{"line":150,"column":72}},"type":"binary-expr","locations":[{"start":{"line":150,"column":28},"end":{"line":150,"column":49}},{"start":{"line":150,"column":53},"end":{"line":150,"column":72}}],"line":150},"21":{"loc":{"start":{"line":153,"column":15},"end":{"line":155,"column":15}},"type":"binary-expr","locations":[{"start":{"line":153,"column":15},"end":{"line":153,"column":37}},{"start":{"line":154,"column":16},"end":{"line":154,"column":93}}],"line":153},"22":{"loc":{"start":{"line":188,"column":41},"end":{"line":188,"column":83}},"type":"cond-expr","locations":[{"start":{"line":188,"column":65},"end":{"line":188,"column":78}},{"start":{"line":188,"column":81},"end":{"line":188,"column":83}}],"line":188},"23":{"loc":{"start":{"line":192,"column":28},"end":{"line":192,"column":91}},"type":"cond-expr","locations":[{"start":{"line":192,"column":53},"end":{"line":192,"column":83}},{"start":{"line":192,"column":86},"end":{"line":192,"column":91}}],"line":192},"24":{"loc":{"start":{"line":195,"column":15},"end":{"line":197,"column":15}},"type":"binary-expr","locations":[{"start":{"line":195,"column":15},"end":{"line":195,"column":38}},{"start":{"line":196,"column":16},"end":{"line":196,"column":94}}],"line":195},"25":{"loc":{"start":{"line":217,"column":15},"end":{"line":219,"column":15}},"type":"binary-expr","locations":[{"start":{"line":217,"column":15},"end":{"line":217,"column":38}},{"start":{"line":218,"column":16},"end":{"line":218,"column":94}}],"line":217},"26":{"loc":{"start":{"line":235,"column":17},"end":{"line":237,"column":17}},"type":"binary-expr","locations":[{"start":{"line":235,"column":17},"end":{"line":235,"column":37}},{"start":{"line":236,"column":18},"end":{"line":236,"column":93}}],"line":235},"27":{"loc":{"start":{"line":250,"column":17},"end":{"line":252,"column":17}},"type":"binary-expr","locations":[{"start":{"line":250,"column":17},"end":{"line":250,"column":37}},{"start":{"line":251,"column":18},"end":{"line":251,"column":93}}],"line":250},"28":{"loc":{"start":{"line":278,"column":15},"end":{"line":278,"column":75}},"type":"cond-expr","locations":[{"start":{"line":278,"column":30},"end":{"line":278,"column":54}},{"start":{"line":278,"column":57},"end":{"line":278,"column":75}}],"line":278}},"s":{"0":0,"1":0,"2":0,"3":0,"4":0,"5":0,"6":0,"7":0,"8":0,"9":0,"10":0,"11":0,"12":0,"13":0,"14":0,"15":0,"16":0,"17":0,"18":0,"19":0,"20":0,"21":0,"22":0,"23":0,"24":0,"25":0,"26":0,"27":0,"28":0,"29":0,"30":0,"31":0,"32":0,"33":0,"34":0,"35":0,"36":0,"37":0,"38":0,"39":0,"40":0,"41":0,"42":0,"43":0,"44":0,"45":0,"46":0},"f":{"0":0,"1":0,"2":0,"3":0,"4":0,"5":0},"b":{"0":[0,0],"1":[0,0],"2":[0,0],"3":[0,0],"4":[0,0],"5":[0,0],"6":[0,0],"7":[0,0],"8":[0,0],"9":[0,0],"10":[0,0],"11":[0,0],"12":[0,0],"13":[0,0],"14":[0,0],"15":[0,0],"16":[0,0],"17":[0,0],"18":[0,0],"19":[0,0],"20":[0,0],"21":[0,0],"22":[0,0],"23":[0,0],"24":[0,0],"25":[0,0],"26":[0,0],"27":[0,0],"28":[0,0]}}
,"C:\\Users\\360WEB\\DeliveryAppBackend\\frontend\\src\\services\\api.js": {"path":"C:\\Users\\360WEB\\DeliveryAppBackend\\frontend\\src\\services\\api.js","statementMap":{"0":{"start":{"line":5,"column":12},"end":{"line":10,"column":2}},"1":{"start":{"line":13,"column":0},"end":{"line":19,"column":3}},"2":{"start":{"line":14,"column":16},"end":{"line":14,"column":43}},"3":{"start":{"line":15,"column":2},"end":{"line":17,"column":3}},"4":{"start":{"line":16,"column":4},"end":{"line":16,"column":53}},"5":{"start":{"line":18,"column":2},"end":{"line":18,"column":16}},"6":{"start":{"line":22,"column":0},"end":{"line":47,"column":2}},"7":{"start":{"line":23,"column":16},"end":{"line":23,"column":24}},"8":{"start":{"line":25,"column":4},"end":{"line":44,"column":5}},"9":{"start":{"line":26,"column":27},"end":{"line":26,"column":55}},"10":{"start":{"line":27,"column":6},"end":{"line":43,"column":7}},"11":{"start":{"line":28,"column":8},"end":{"line":40,"column":9}},"12":{"start":{"line":29,"column":27},"end":{"line":31,"column":12}},"13":{"start":{"line":32,"column":27},"end":{"line":32,"column":47}},"14":{"start":{"line":33,"column":10},"end":{"line":33,"column":48}},"15":{"start":{"line":34,"column":10},"end":{"line":34,"column":68}},"16":{"start":{"line":35,"column":10},"end":{"line":35,"column":43}},"17":{"start":{"line":37,"column":10},"end":{"line":37,"column":41}},"18":{"start":{"line":38,"column":10},"end":{"line":38,"column":42}},"19":{"start":{"line":39,"column":10},"end":{"line":39,"column":42}},"20":{"start":{"line":42,"column":8},"end":{"line":42,"column":40}},"21":{"start":{"line":45,"column":4},"end":{"line":45,"column":33}}},"fnMap":{"0":{"name":"(anonymous_0)","decl":{"start":{"line":13,"column":29},"end":{"line":13,"column":30}},"loc":{"start":{"line":13,"column":41},"end":{"line":19,"column":1}},"line":13},"1":{"name":"(anonymous_1)","decl":{"start":{"line":23,"column":2},"end":{"line":23,"column":3}},"loc":{"start":{"line":23,"column":16},"end":{"line":23,"column":24}},"line":23},"2":{"name":"(anonymous_2)","decl":{"start":{"line":24,"column":2},"end":{"line":24,"column":3}},"loc":{"start":{"line":24,"column":19},"end":{"line":46,"column":3}},"line":24}},"branchMap":{"0":{"loc":{"start":{"line":6,"column":11},"end":{"line":6,"column":71}},"type":"binary-expr","locations":[{"start":{"line":6,"column":11},"end":{"line":6,"column":40}},{"start":{"line":6,"column":44},"end":{"line":6,"column":71}}],"line":6},"1":{"loc":{"start":{"line":15,"column":2},"end":{"line":17,"column":3}},"type":"if","locations":[{"start":{"line":15,"column":2},"end":{"line":17,"column":3}},{"start":{},"end":{}}],"line":15},"2":{"loc":{"start":{"line":25,"column":4},"end":{"line":44,"column":5}},"type":"if","locations":[{"start":{"line":25,"column":4},"end":{"line":44,"column":5}},{"start":{},"end":{}}],"line":25},"3":{"loc":{"start":{"line":27,"column":6},"end":{"line":43,"column":7}},"type":"if","locations":[{"start":{"line":27,"column":6},"end":{"line":43,"column":7}},{"start":{"line":41,"column":13},"end":{"line":43,"column":7}}],"line":27}},"s":{"0":0,"1":0,"2":0,"3":0,"4":0,"5":0,"6":0,"7":0,"8":0,"9":0,"10":0,"11":0,"12":0,"13":0,"14":0,"15":0,"16":0,"17":0,"18":0,"19":0,"20":0,"21":0},"f":{"0":0,"1":0,"2":0},"b":{"0":[0,0],"1":[0,0],"2":[0,0],"3":[0,0]}}
,"C:\\Users\\360WEB\\DeliveryAppBackend\\frontend\\src\\services\\apiService.js": {"path":"C:\\Users\\360WEB\\DeliveryAppBackend\\frontend\\src\\services\\apiService.js","statementMap":{"0":{"start":{"line":3,"column":27},"end":{"line":33,"column":1}},"1":{"start":{"line":6,"column":21},"end":{"line":6,"column":70}},"2":{"start":{"line":7,"column":4},"end":{"line":7,"column":25}},"3":{"start":{"line":12,"column":21},"end":{"line":12,"column":73}},"4":{"start":{"line":13,"column":4},"end":{"line":13,"column":25}},"5":{"start":{"line":18,"column":21},"end":{"line":18,"column":69}},"6":{"start":{"line":19,"column":4},"end":{"line":19,"column":25}},"7":{"start":{"line":24,"column":21},"end":{"line":24,"column":52}},"8":{"start":{"line":25,"column":4},"end":{"line":25,"column":25}},"9":{"start":{"line":30,"column":4},"end":{"line":30,"column":86}},"10":{"start":{"line":31,"column":4},"end":{"line":31,"column":87}},"11":{"start":{"line":35,"column":31},"end":{"line":53,"column":1}},"12":{"start":{"line":38,"column":21},"end":{"line":38,"column":82}},"13":{"start":{"line":39,"column":4},"end":{"line":39,"column":25}},"14":{"start":{"line":44,"column":21},"end":{"line":44,"column":50}},"15":{"start":{"line":45,"column":4},"end":{"line":45,"column":25}},"16":{"start":{"line":50,"column":21},"end":{"line":50,"column":63}},"17":{"start":{"line":51,"column":4},"end":{"line":51,"column":25}}},"fnMap":{"0":{"name":"(anonymous_0)","decl":{"start":{"line":5,"column":9},"end":{"line":5,"column":10}},"loc":{"start":{"line":5,"column":39},"end":{"line":8,"column":3}},"line":5},"1":{"name":"(anonymous_1)","decl":{"start":{"line":11,"column":20},"end":{"line":11,"column":21}},"loc":{"start":{"line":11,"column":44},"end":{"line":14,"column":3}},"line":11},"2":{"name":"(anonymous_2)","decl":{"start":{"line":17,"column":18},"end":{"line":17,"column":19}},"loc":{"start":{"line":17,"column":40},"end":{"line":20,"column":3}},"line":17},"3":{"name":"(anonymous_3)","decl":{"start":{"line":23,"column":14},"end":{"line":23,"column":15}},"loc":{"start":{"line":23,"column":26},"end":{"line":26,"column":3}},"line":23},"4":{"name":"(anonymous_4)","decl":{"start":{"line":29,"column":10},"end":{"line":29,"column":11}},"loc":{"start":{"line":29,"column":16},"end":{"line":32,"column":3}},"line":29},"5":{"name":"(anonymous_5)","decl":{"start":{"line":37,"column":19},"end":{"line":37,"column":20}},"loc":{"start":{"line":37,"column":43},"end":{"line":40,"column":3}},"line":37},"6":{"name":"(anonymous_6)","decl":{"start":{"line":43,"column":17},"end":{"line":43,"column":18}},"loc":{"start":{"line":43,"column":29},"end":{"line":46,"column":3}},"line":43},"7":{"name":"(anonymous_7)","decl":{"start":{"line":49,"column":19},"end":{"line":49,"column":20}},"loc":{"start":{"line":49,"column":31},"end":{"line":52,"column":3}},"line":49}},"branchMap":{},"s":{"0":0,"1":0,"2":0,"3":0,"4":0,"5":0,"6":0,"7":0,"8":0,"9":0,"10":0,"11":0,"12":0,"13":0,"14":0,"15":0,"16":0,"17":0},"f":{"0":0,"1":0,"2":0,"3":0,"4":0,"5":0,"6":0,"7":0},"b":{}}
,"C:\\Users\\360WEB\\DeliveryAppBackend\\frontend\\src\\utils\\testData.js": {"path":"C:\\Users\\360WEB\\DeliveryAppBackend\\frontend\\src\\utils\\testData.js","statementMap":{"0":{"start":{"line":2,"column":29},"end":{"line":39,"column":1}},"1":{"start":{"line":41,"column":27},"end":{"line":64,"column":1}},"2":{"start":{"line":66,"column":28},"end":{"line":94,"column":1}},"3":{"start":{"line":96,"column":30},"end":{"line":157,"column":1}},"4":{"start":{"line":159,"column":39},"end":{"line":176,"column":1}},"5":{"start":{"line":178,"column":30},"end":{"line":181,"column":1}},"6":{"start":{"line":183,"column":36},"end":{"line":220,"column":1}},"7":{"start":{"line":222,"column":32},"end":{"line":253,"column":1}},"8":{"start":{"line":256,"column":36},"end":{"line":259,"column":1}},"9":{"start":{"line":257,"column":19},"end":{"line":257,"column":94}},"10":{"start":{"line":258,"column":2},"end":{"line":258,"column":83}},"11":{"start":{"line":258,"column":33},"end":{"line":258,"column":81}},"12":{"start":{"line":261,"column":34},"end":{"line":264,"column":1}},"13":{"start":{"line":262,"column":19},"end":{"line":262,"column":82}},"14":{"start":{"line":263,"column":2},"end":{"line":263,"column":79}},"15":{"start":{"line":263,"column":33},"end":{"line":263,"column":77}},"16":{"start":{"line":266,"column":36},"end":{"line":269,"column":1}},"17":{"start":{"line":267,"column":19},"end":{"line":267,"column":78}},"18":{"start":{"line":268,"column":2},"end":{"line":268,"column":83}},"19":{"start":{"line":268,"column":33},"end":{"line":268,"column":81}},"20":{"start":{"line":271,"column":35},"end":{"line":274,"column":1}},"21":{"start":{"line":272,"column":21},"end":{"line":272,"column":49}},"22":{"start":{"line":273,"column":2},"end":{"line":273,"column":32}},"23":{"start":{"line":276,"column":35},"end":{"line":279,"column":1}},"24":{"start":{"line":277,"column":21},"end":{"line":277,"column":36}},"25":{"start":{"line":278,"column":2},"end":{"line":278,"column":32}},"26":{"start":{"line":282,"column":33},"end":{"line":282,"column":82}},"27":{"start":{"line":283,"column":38},"end":{"line":283,"column":50}}},"fnMap":{"0":{"name":"(anonymous_0)","decl":{"start":{"line":256,"column":36},"end":{"line":256,"column":37}},"loc":{"start":{"line":256,"column":50},"end":{"line":259,"column":1}},"line":256},"1":{"name":"(anonymous_1)","decl":{"start":{"line":258,"column":24},"end":{"line":258,"column":25}},"loc":{"start":{"line":258,"column":33},"end":{"line":258,"column":81}},"line":258},"2":{"name":"(anonymous_2)","decl":{"start":{"line":261,"column":34},"end":{"line":261,"column":35}},"loc":{"start":{"line":261,"column":46},"end":{"line":264,"column":1}},"line":261},"3":{"name":"(anonymous_3)","decl":{"start":{"line":263,"column":24},"end":{"line":263,"column":25}},"loc":{"start":{"line":263,"column":33},"end":{"line":263,"column":77}},"line":263},"4":{"name":"(anonymous_4)","decl":{"start":{"line":266,"column":36},"end":{"line":266,"column":37}},"loc":{"start":{"line":266,"column":50},"end":{"line":269,"column":1}},"line":266},"5":{"name":"(anonymous_5)","decl":{"start":{"line":268,"column":24},"end":{"line":268,"column":25}},"loc":{"start":{"line":268,"column":33},"end":{"line":268,"column":81}},"line":268},"6":{"name":"(anonymous_6)","decl":{"start":{"line":271,"column":35},"end":{"line":271,"column":36}},"loc":{"start":{"line":271,"column":46},"end":{"line":274,"column":1}},"line":271},"7":{"name":"(anonymous_7)","decl":{"start":{"line":276,"column":35},"end":{"line":276,"column":36}},"loc":{"start":{"line":276,"column":46},"end":{"line":279,"column":1}},"line":276}},"branchMap":{"0":{"loc":{"start":{"line":258,"column":33},"end":{"line":258,"column":81}},"type":"binary-expr","locations":[{"start":{"line":258,"column":33},"end":{"line":258,"column":48}},{"start":{"line":258,"column":52},"end":{"line":258,"column":81}}],"line":258},"1":{"loc":{"start":{"line":263,"column":33},"end":{"line":263,"column":77}},"type":"binary-expr","locations":[{"start":{"line":263,"column":33},"end":{"line":263,"column":46}},{"start":{"line":263,"column":50},"end":{"line":263,"column":77}}],"line":263},"2":{"loc":{"start":{"line":268,"column":33},"end":{"line":268,"column":81}},"type":"binary-expr","locations":[{"start":{"line":268,"column":33},"end":{"line":268,"column":48}},{"start":{"line":268,"column":52},"end":{"line":268,"column":81}}],"line":268}},"s":{"0":1,"1":1,"2":1,"3":1,"4":1,"5":1,"6":1,"7":1,"8":1,"9":5,"10":5,"11":22,"12":1,"13":3,"14":3,"15":13,"16":1,"17":2,"18":2,"19":5,"20":1,"21":13,"22":13,"23":1,"24":12,"25":12,"26":1,"27":1},"f":{"0":5,"1":22,"2":3,"3":13,"4":2,"5":5,"6":13,"7":12},"b":{"0":[22,20],"1":[13,12],"2":[5,4]},"_coverageSchema":"1a1c01bbd47fc00a2c39e90264f33305004495a9","hash":"ba10c36b4b8d81adc316b9639c4f5fbb89f71801"}
}
