TN:
SF:src\components\AddressAutocomplete.tsx
FN:37,(anonymous_0)
FN:56,(anonymous_1)
FN:97,(anonymous_2)
FN:104,(anonymous_3)
FN:109,(anonymous_4)
FN:114,(anonymous_5)
FN:119,(anonymous_6)
FN:127,(anonymous_7)
FN:168,(anonymous_8)
FNF:9
FNH:3
FNDA:3,(anonymous_0)
FNDA:0,(anonymous_1)
FNDA:3,(anonymous_2)
FNDA:0,(anonymous_3)
FNDA:0,(anonymous_4)
FNDA:0,(anonymous_5)
FNDA:0,(anonymous_6)
FNDA:3,(anonymous_7)
FNDA:0,(anonymous_8)
DA:37,1
DA:47,3
DA:48,3
DA:49,3
DA:50,3
DA:51,3
DA:52,3
DA:55,3
DA:57,0
DA:58,0
DA:59,0
DA:60,0
DA:61,0
DA:62,0
DA:65,0
DA:66,0
DA:68,0
DA:69,0
DA:74,0
DA:75,0
DA:77,0
DA:78,0
DA:80,0
DA:81,0
DA:84,0
DA:85,0
DA:86,0
DA:87,0
DA:88,0
DA:90,0
DA:97,3
DA:98,3
DA:99,0
DA:104,3
DA:105,0
DA:109,3
DA:110,0
DA:114,3
DA:115,0
DA:119,3
DA:120,0
DA:121,0
DA:122,0
DA:127,3
DA:128,3
DA:129,0
DA:137,3
DA:138,0
DA:155,3
DA:156,0
DA:164,3
DA:168,3
DA:169,0
DA:170,0
DA:172,0
DA:175,3
DA:246,1
LF:57
LH:22
BRDA:38,0,0,2
BRDA:39,1,0,2
BRDA:40,2,0,3
BRDA:44,3,0,3
BRDA:45,4,0,3
BRDA:57,5,0,0
BRDA:57,5,1,0
BRDA:57,6,0,0
BRDA:57,6,1,0
BRDA:80,7,0,0
BRDA:80,7,1,0
BRDA:80,8,0,0
BRDA:80,8,1,0
BRDA:85,9,0,0
BRDA:85,9,1,0
BRDA:98,10,0,0
BRDA:98,10,1,3
BRDA:120,11,0,0
BRDA:120,11,1,0
BRDA:128,12,0,0
BRDA:128,12,1,3
BRDA:137,13,0,0
BRDA:137,13,1,3
BRDA:155,14,0,0
BRDA:155,14,1,3
BRDA:169,15,0,0
BRDA:169,15,1,0
BRDA:182,16,0,3
BRDA:182,16,1,0
BRDA:183,17,0,3
BRDA:183,17,1,0
BRDA:184,18,0,3
BRDA:184,18,1,0
BRDA:200,19,0,3
BRDA:200,19,1,1
BRDA:207,20,0,0
BRDA:207,20,1,1
BRDA:214,21,0,3
BRDA:214,21,1,0
BRDA:222,22,0,3
BRDA:222,22,1,0
BRDA:230,23,0,0
BRDA:230,23,1,0
BRDA:230,23,2,0
BRDA:240,24,0,3
BRDA:240,24,1,0
BRF:46
BRH:18
end_of_record
TN:
SF:src\config\api.ts
FN:10,(anonymous_0)
FN:87,(anonymous_1)
FN:90,(anonymous_2)
FN:106,(anonymous_3)
FN:113,(anonymous_4)
FN:146,(anonymous_5)
FNF:6
FNH:0
FNDA:0,(anonymous_0)
FNDA:0,(anonymous_1)
FNDA:0,(anonymous_2)
FNDA:0,(anonymous_3)
FNDA:0,(anonymous_4)
FNDA:0,(anonymous_5)
DA:10,0
DA:11,0
DA:18,0
DA:19,0
DA:20,0
DA:24,0
DA:25,0
DA:26,0
DA:31,0
DA:34,0
DA:37,0
DA:46,0
DA:47,0
DA:51,0
DA:54,0
DA:57,0
DA:87,0
DA:88,0
DA:89,0
DA:90,0
DA:92,0
DA:97,0
DA:98,0
DA:100,0
DA:101,0
DA:106,0
DA:108,0
DA:111,0
DA:112,0
DA:113,0
DA:115,0
DA:120,0
DA:122,0
DA:123,0
DA:124,0
DA:127,0
DA:128,0
DA:132,0
DA:133,0
DA:137,0
DA:146,0
DA:147,0
DA:158,0
DA:159,0
LF:44
LH:0
BRDA:18,0,0,0
BRDA:18,0,1,0
BRDA:24,1,0,0
BRDA:24,1,1,0
BRDA:122,2,0,0
BRDA:122,2,1,0
BRDA:122,3,0,0
BRDA:122,3,1,0
BRDA:152,4,0,0
BRDA:152,4,1,0
BRDA:158,5,0,0
BRDA:158,5,1,0
BRF:12
BRH:0
end_of_record
TN:
SF:src\services\addressValidation.ts
FN:59,(anonymous_0)
FN:64,(anonymous_1)
FN:72,(anonymous_2)
FN:86,(anonymous_3)
FN:123,(anonymous_4)
FN:147,(anonymous_5)
FN:171,(anonymous_6)
FN:223,(anonymous_7)
FN:260,(anonymous_8)
FN:268,(anonymous_9)
FN:277,(anonymous_10)
FN:286,(anonymous_11)
FN:295,(anonymous_12)
FNF:13
FNH:6
FNDA:1,(anonymous_0)
FNDA:3,(anonymous_1)
FNDA:8,(anonymous_2)
FNDA:8,(anonymous_3)
FNDA:0,(anonymous_4)
FNDA:0,(anonymous_5)
FNDA:1,(anonymous_6)
FNDA:2,(anonymous_7)
FNDA:0,(anonymous_8)
FNDA:0,(anonymous_9)
FNDA:0,(anonymous_10)
FNDA:0,(anonymous_11)
FNDA:0,(anonymous_12)
DA:57,1
DA:60,1
DA:61,1
DA:65,3
DA:66,3
DA:68,0
DA:73,8
DA:74,2
DA:77,8
DA:87,8
DA:88,8
DA:90,8
DA:91,1
DA:94,7
DA:103,6
DA:104,1
DA:105,0
DA:108,1
DA:109,1
DA:112,5
DA:113,5
DA:115,3
DA:116,3
DA:124,0
DA:125,0
DA:127,0
DA:132,0
DA:133,0
DA:136,0
DA:137,0
DA:139,0
DA:140,0
DA:148,0
DA:149,0
DA:151,0
DA:156,0
DA:157,0
DA:160,0
DA:161,0
DA:163,0
DA:164,0
DA:180,1
DA:183,1
DA:185,1
DA:191,1
DA:193,0
DA:199,0
DA:201,0
DA:207,0
DA:209,0
DA:217,1
DA:224,2
DA:225,1
DA:229,1
DA:231,1
DA:232,0
DA:233,0
DA:234,0
DA:238,1
DA:239,0
DA:242,1
DA:243,0
DA:246,1
DA:247,0
DA:250,1
DA:251,0
DA:254,1
DA:261,0
DA:262,0
DA:269,0
DA:274,1
DA:277,1
DA:278,0
DA:279,0
DA:280,0
DA:281,0
DA:282,0
DA:286,1
DA:287,0
DA:288,0
DA:289,0
DA:290,0
DA:291,0
DA:295,1
DA:296,0
DA:297,0
DA:298,0
DA:299,0
DA:300,0
DA:301,0
LF:90
LH:39
BRDA:59,0,0,1
BRDA:73,1,0,2
BRDA:73,1,1,6
BRDA:79,2,0,7
BRDA:79,2,1,1
BRDA:90,3,0,1
BRDA:90,3,1,7
BRDA:99,4,0,7
BRDA:99,4,1,6
BRDA:103,5,0,1
BRDA:103,5,1,5
BRDA:104,6,0,0
BRDA:104,6,1,1
BRDA:109,7,0,1
BRDA:109,7,1,0
BRDA:132,8,0,0
BRDA:132,8,1,0
BRDA:147,9,0,0
BRDA:156,10,0,0
BRDA:156,10,1,0
BRDA:183,11,0,1
BRDA:183,11,1,0
BRDA:183,11,2,0
BRDA:183,11,3,0
BRDA:224,12,0,1
BRDA:224,12,1,1
BRDA:231,13,0,0
BRDA:231,13,1,1
BRDA:231,14,0,1
BRDA:231,14,1,0
BRDA:233,15,0,0
BRDA:233,15,1,0
BRDA:238,16,0,0
BRDA:238,16,1,1
BRDA:239,17,0,0
BRDA:239,17,1,0
BRDA:242,18,0,0
BRDA:242,18,1,1
BRDA:246,19,0,0
BRDA:246,19,1,1
BRDA:250,20,0,0
BRDA:250,20,1,1
BRDA:254,21,0,0
BRDA:254,21,1,1
BRDA:278,22,0,0
BRDA:278,22,1,0
BRDA:278,22,2,0
BRDA:278,22,3,0
BRDA:287,23,0,0
BRDA:287,23,1,0
BRDA:287,23,2,0
BRDA:287,23,3,0
BRDA:296,24,0,0
BRDA:296,24,1,0
BRDA:296,24,2,0
BRDA:296,24,3,0
BRDA:296,24,4,0
BRF:57
BRH:23
end_of_record
